20230930	13:30:09	e0955d1b-4190-487e-99c5-89340123450b	OPTIONS	/api/products/all	http://localhost:3000
20230930	13:30:09	5aa3b257-f425-48db-8086-286959de4791	GET	/api/products/all	http://localhost:3000
20230930	13:30:09	87dc18ee-e801-4134-9139-8ab076052dea	OPTIONS	/api/products/all	http://localhost:3000
20230930	13:30:09	c28fdb99-d378-4bf6-afd4-d9751deb0d66	OPTIONS	/api/categories/all	http://localhost:3000
20230930	13:30:09	dcb0897f-ebaf-456f-b33c-a2b7a9f6a194	OPTIONS	/api/categories/all	http://localhost:3000
20230930	13:30:09	585697ec-634e-4f2e-9e62-4caa4fa22894	GET	/api/products/all	http://localhost:3000
20230930	13:30:09	5a5e1811-f32a-41fe-9d53-dfb4463e8e19	GET	/api/categories/all	http://localhost:3000
20230930	13:30:09	d17e9b45-1441-4553-9609-500186e92514	GET	/api/categories/all	http://localhost:3000
20230930	13:30:09	7b4015e7-0b06-4413-ad66-1ea59d7048b6	OPTIONS	/api/products/all/Gucci	http://localhost:3000
20230930	13:30:09	1cac0faa-ccf4-46e5-bf44-52ccf8981f91	OPTIONS	/api/products/all/GD001	http://localhost:3000
20230930	13:30:09	472064e9-6805-4c52-ad90-e368ab2d47ba	OPTIONS	/api/products/all/GD001	http://localhost:3000
20230930	13:30:09	2c5abdf4-4972-40fd-b50d-d3c65a8355ec	OPTIONS	/api/products/all/Gucci	http://localhost:3000
20230930	13:30:09	38bd7573-7c9d-433f-9a98-8b41fe76e195	OPTIONS	/api/products/all/TB%C4%90T	http://localhost:3000
20230930	13:30:09	0a85f7ed-53dc-43c9-ad62-0bf90c7db31a	OPTIONS	/api/products/all/TB%C4%90T	http://localhost:3000
20230930	13:30:09	be5e6d62-dd93-47e8-9d9c-ef8d8c3fca2a	GET	/api/products/all/Gucci	http://localhost:3000
20230930	13:30:09	e0e51a80-e170-4ca6-95b1-2cc6910bafa4	GET	/api/products/all/GD001	http://localhost:3000
20230930	13:30:09	9164b52b-039f-44ee-acf9-cc89d989a53f	GET	/api/products/all/Gucci	http://localhost:3000
20230930	13:30:09	d3e84cec-1050-4a38-bb34-752361617992	GET	/api/products/all/GD001	http://localhost:3000
20230930	13:30:09	d9d7acd5-5db3-47f1-b1fb-2304b00b0e4a	GET	/api/products/all/TB%C4%90T	http://localhost:3000
20230930	13:30:09	ae0f4b82-5d8c-4cab-9f93-89bf5731b200	GET	/api/products/all/TB%C4%90T	http://localhost:3000
20230930	13:30:59	49ba5b60-980a-467f-b4bd-136f01c6cb88	OPTIONS	/api/categories/all	http://localhost:3000
20230930	13:30:59	4fd08765-0207-4fe2-afc1-d88e9b029312	OPTIONS	/api/colors/all	http://localhost:3000
20230930	13:30:59	ff0266ad-3f01-4633-92c0-75709eccebde	OPTIONS	/api/categories/all	http://localhost:3000
20230930	13:30:59	118169ef-e993-47ba-b0cc-1dee1a782197	OPTIONS	/api/sizes/all	http://localhost:3000
20230930	13:30:59	424a6b18-bff9-448e-afd7-2182d337cbcc	GET	/api/categories/all	http://localhost:3000
20230930	13:30:59	98edeec0-d4a9-4d6c-881e-43cb9f2f011b	OPTIONS	/api/colors/all	http://localhost:3000
20230930	13:30:59	35c8157b-b53c-498e-8076-4aed8d0bdd7c	OPTIONS	/api/sizes/all	http://localhost:3000
20230930	13:30:59	e443c524-9c89-489f-889e-9999aeb5f99e	OPTIONS	/api/products/all	http://localhost:3000
20230930	13:30:59	2e5b60f4-9291-4b89-8041-cdfc1908155d	OPTIONS	/api/products/all	http://localhost:3000
20230930	13:30:59	8a0987de-3cfe-4bbb-aae7-0b9a1cff5869	GET	/api/colors/all	http://localhost:3000
20230930	13:30:59	c5225217-2bbb-4188-a18d-aec07c281035	GET	/api/sizes/all	http://localhost:3000
20230930	13:30:59	ccd5fc66-885e-4ab4-89d5-b2b18e27fc66	GET	/api/colors/all	http://localhost:3000
20230930	13:30:59	37187377-6c64-452e-baae-2f0d51bbef96	GET	/api/sizes/all	http://localhost:3000
20230930	13:30:59	3cbae36a-aca6-4dac-9d0f-aa557b4ab399	GET	/api/categories/all	http://localhost:3000
20230930	13:30:59	50392bb4-b13f-40c9-bd24-54f1f44c0145	GET	/api/products/all	http://localhost:3000
20230930	13:30:59	a1e79d48-de49-42c4-83dd-8465588f35ae	GET	/api/products/all	http://localhost:3000
20230930	13:31:23	4893b197-1878-45a4-9f01-d40550196114	OPTIONS	/api/products/all	http://localhost:3000
20230930	13:31:23	a76fc2bf-b3db-42e2-9132-5204d484370c	OPTIONS	/api/products/all	http://localhost:3000
20230930	13:31:23	5162b6df-7479-44cd-922b-7fdd336c6878	OPTIONS	/api/categories/all	http://localhost:3000
20230930	13:31:23	9622730c-4b6e-4792-9897-49761299ace7	OPTIONS	/api/categories/all	http://localhost:3000
20230930	13:31:23	d84504c3-871e-4fe3-b171-10e59685702a	GET	/api/products/all	http://localhost:3000
20230930	13:31:23	d4952e50-26ba-4645-80df-81e5a6b40fce	GET	/api/products/all	http://localhost:3000
20230930	13:31:23	662aba89-2827-46e1-8495-2867b505c2f6	GET	/api/categories/all	http://localhost:3000
20230930	13:31:23	92026334-c345-4270-8691-6fb40276dbe6	GET	/api/categories/all	http://localhost:3000
20230930	13:31:23	0aa91d6f-ae39-4e3c-8786-ad36bf076e78	OPTIONS	/api/products/all/Gucci	http://localhost:3000
20230930	13:31:23	3c0b84ab-40a2-4ffa-a5f1-e18135c4fb05	OPTIONS	/api/products/all/Gucci	http://localhost:3000
20230930	13:31:23	6e750b58-f62b-4756-960c-0bbf6cef8f51	OPTIONS	/api/products/all/GD001	http://localhost:3000
20230930	13:31:23	77d5ca84-5ef7-4295-ae6f-98103257a2a6	OPTIONS	/api/products/all/TB%C4%90T	http://localhost:3000
20230930	13:31:23	7d72fe3d-ad7a-4ff8-a5f9-8cf8b3b28f79	OPTIONS	/api/products/all/GD001	http://localhost:3000
20230930	13:31:23	28ced0cf-c69d-46db-8ce2-fdad8b311364	OPTIONS	/api/products/all/TB%C4%90T	http://localhost:3000
20230930	13:31:23	e22f04c0-7443-48ac-ae95-3ae2f5efe244	GET	/api/products/all/Gucci	http://localhost:3000
20230930	13:31:23	c3150933-0436-40fa-9751-3b4c527c8830	GET	/api/products/all/Gucci	http://localhost:3000
20230930	13:31:23	e824f2a4-7f2b-47c5-adca-043fc58ded47	GET	/api/products/all/GD001	http://localhost:3000
20230930	13:31:23	ce549b2c-0ad7-44e9-b0e5-5bb40e70d6b2	GET	/api/products/all/TB%C4%90T	http://localhost:3000
20230930	13:31:23	022598fb-0654-40e8-af1d-e01c38fff7a1	GET	/api/products/all/GD001	http://localhost:3000
20230930	13:31:23	8b34649b-b257-4065-9e7c-f602469dd3f7	GET	/api/products/all/TB%C4%90T	http://localhost:3000
20230930	13:31:26	91eebef3-ab1b-4f85-bbe6-b09c516b8e84	GET	/api/categories/all	http://localhost:3000
20230930	13:31:26	ea962686-1311-4888-a3d1-382c04267c1c	GET	/api/products/all	http://localhost:3000
20230930	13:31:26	2f8c1838-9911-4791-b582-967cf73c0344	GET	/api/categories/all	http://localhost:3000
20230930	13:31:26	d7ec6af9-afa6-4f3a-9f30-26b4a257aae6	GET	/api/products/all	http://localhost:3000
20230930	13:31:26	2a665821-c65d-43fc-8271-7b17f180d90c	OPTIONS	/api/colors/all	http://localhost:3000
20230930	13:31:26	df6da359-3698-4c1c-a9fd-252dd0f74d5d	OPTIONS	/api/colors/all	http://localhost:3000
20230930	13:31:26	23fe9def-b758-448a-b169-e49554964aee	OPTIONS	/api/sizes/all	http://localhost:3000
20230930	13:31:26	fc2987e0-d4ee-4f86-9493-0e279e67895f	OPTIONS	/api/sizes/all	http://localhost:3000
20230930	13:31:26	f1c68229-8e27-4e0b-a754-b7ed4d6c7798	GET	/api/colors/all	http://localhost:3000
20230930	13:31:26	a51d4c09-ffaf-4b07-96ce-ba680f62a60d	GET	/api/colors/all	http://localhost:3000
20230930	13:31:26	dbfeac48-3fc6-40ae-8c74-d15f92783e00	GET	/api/sizes/all	http://localhost:3000
20230930	13:31:26	c42acd9e-6d95-4a7a-8279-83d2d5a1535a	GET	/api/sizes/all	http://localhost:3000
20230930	13:31:28	51f25efe-aec4-4ba1-bb3a-aa11b0e8af3a	OPTIONS	/api/products/all	http://localhost:3000
20230930	13:31:28	c11b6312-7b64-426a-98af-e297ffe06c88	OPTIONS	/api/categories/all	http://localhost:3000
20230930	13:31:28	20975c78-8ced-4ca2-ba06-9d66e89c39ee	OPTIONS	/api/products/all	http://localhost:3000
20230930	13:31:28	4b1384b3-b3dd-4991-a614-1496c27bd562	OPTIONS	/api/categories/all	http://localhost:3000
20230930	13:31:28	f61896ca-3003-4348-a0b8-ecd600c692cc	GET	/api/products/all	http://localhost:3000
20230930	13:31:28	a88a7ca8-ad08-4075-9de0-9e8e6b4eac35	GET	/api/categories/all	http://localhost:3000
20230930	13:31:28	bcd2593d-7989-406e-b3d0-13ddb203657a	GET	/api/products/all	http://localhost:3000
20230930	13:31:28	584176a7-e993-4831-b94e-a05f30a77d8c	GET	/api/categories/all	http://localhost:3000
20230930	13:31:28	7f3b3f2d-1926-4f83-99f9-a629f34c59ce	OPTIONS	/api/products/all/Gucci	http://localhost:3000
20230930	13:31:28	4f53e406-6517-48ef-8ef0-b89b9eb2ffe2	OPTIONS	/api/products/all/GD001	http://localhost:3000
20230930	13:31:28	e0df5817-bae1-4873-ae67-a9953469ffbb	OPTIONS	/api/products/all/TB%C4%90T	http://localhost:3000
20230930	13:31:28	0f0f6af8-3d8a-4be1-a442-4ff4bb20372a	OPTIONS	/api/products/all/Gucci	http://localhost:3000
20230930	13:31:28	51c6f17f-b7e4-425b-bf65-62a7b8730b86	OPTIONS	/api/products/all/TB%C4%90T	http://localhost:3000
20230930	13:31:28	fa304bdb-df5f-49ff-9ed9-cdd4ea0c4c44	OPTIONS	/api/products/all/GD001	http://localhost:3000
20230930	13:31:28	828a17fb-d0f5-4195-accb-916626222d22	GET	/api/products/all/Gucci	http://localhost:3000
20230930	13:31:28	b16555b3-16e9-4121-852a-c6e22888f5fc	GET	/api/products/all/GD001	http://localhost:3000
20230930	13:31:28	81ef3b8a-dbb3-4851-81db-f3190c80ef11	GET	/api/products/all/TB%C4%90T	http://localhost:3000
20230930	13:31:28	60947292-cb55-4a04-a700-ca2dd4cc63d5	GET	/api/products/all/Gucci	http://localhost:3000
20230930	13:31:28	28d6a658-fbf8-45f7-ad6c-80654433cd6b	GET	/api/products/all/GD001	http://localhost:3000
20230930	13:31:28	cb8508a9-87cc-4b48-99ce-fc03b94efb4b	GET	/api/products/all/TB%C4%90T	http://localhost:3000
20230930	13:31:31	7af889d6-60f2-4a48-85e7-1212ef3bd53b	GET	/api/categories/all	http://localhost:3000
20230930	13:31:31	ed1a3126-2ec9-4045-813e-6d69281df677	GET	/api/products/all	http://localhost:3000
20230930	13:31:31	46246143-de40-4169-9d78-a43b289617e9	GET	/api/categories/all	http://localhost:3000
20230930	13:31:31	623d0b41-3df1-40c9-9706-d0b007ad56bc	OPTIONS	/api/colors/all	http://localhost:3000
20230930	13:31:31	22aa2054-ac9a-46ff-84a2-566082ceb5f9	GET	/api/products/all	http://localhost:3000
20230930	13:31:31	eea7692b-ae91-4907-b95d-c034e632776e	OPTIONS	/api/sizes/all	http://localhost:3000
20230930	13:31:31	b920d727-24de-4f13-a266-ca92eeabf451	OPTIONS	/api/colors/all	http://localhost:3000
20230930	13:31:31	be0ae2c2-0c93-4877-a647-9851a809f02f	OPTIONS	/api/sizes/all	http://localhost:3000
20230930	13:31:31	7da776d5-00e0-4895-b639-1b414bc67976	GET	/api/colors/all	http://localhost:3000
20230930	13:31:31	83c60abc-64be-43a6-b01b-890a5623d4b9	GET	/api/sizes/all	http://localhost:3000
20230930	13:31:31	1bcb8bbe-1c6f-43f2-ac8e-be6913769444	GET	/api/colors/all	http://localhost:3000
20230930	13:31:31	0e3e3f5b-0cd0-449f-b202-e43cade42815	GET	/api/sizes/all	http://localhost:3000
20230930	13:34:48	aa08985f-c946-43d8-aea7-1e0ff79becfc	OPTIONS	/api/products/all	http://localhost:3000
20230930	13:34:48	b0739c05-555c-4438-a577-17146448ef4c	GET	/api/products/all	http://localhost:3000
20230930	13:34:51	27d95d0d-c6c2-42ca-b56f-ef20e06517bb	GET	/api/products/all	http://localhost:3000
20230930	13:34:51	8a8a840e-ccb2-4bc7-8832-6e8e23d5a164	GET	/api/products/all	http://localhost:3000
20230930	13:34:51	c7bead84-0ed9-4b47-97d4-43a52fcba4b4	OPTIONS	/api/categories/all	http://localhost:3000
20230930	13:34:51	e300c266-759b-436d-9b07-d2fa8cfa1cb5	OPTIONS	/api/categories/all	http://localhost:3000
20230930	13:34:51	9beb6dae-abec-423b-8687-07862b46b1d6	GET	/api/categories/all	http://localhost:3000
20230930	13:34:51	55fd2de1-b591-4123-89e6-f6be9f453d5e	GET	/api/categories/all	http://localhost:3000
20230930	13:34:51	8c620fde-aac0-4bac-84a8-0a69e4b8090a	OPTIONS	/api/products/all/Gucci	http://localhost:3000
20230930	13:34:51	49903b7b-c5ef-48b4-8aa6-ed8c96ffd201	OPTIONS	/api/products/all/GD001	http://localhost:3000
20230930	13:34:51	690abc2a-86b5-4c84-b64f-afe361b1b4de	OPTIONS	/api/products/all/GD001	http://localhost:3000
20230930	13:34:51	1a53941e-1747-4ee2-833c-4661e756c3d6	OPTIONS	/api/products/all/TB%C4%90T	http://localhost:3000
20230930	13:34:51	9b098cf4-242c-49ba-af6d-6dae8601b379	OPTIONS	/api/products/all/Gucci	http://localhost:3000
20230930	13:34:51	11c31ee8-d62f-417f-b898-02b4ffb93049	OPTIONS	/api/products/all/TB%C4%90T	http://localhost:3000
20230930	13:34:51	626d805d-77ae-4abc-b524-840c356c9a22	GET	/api/products/all/GD001	http://localhost:3000
20230930	13:34:51	112ffc7a-850e-4271-9d41-017d680c56d6	GET	/api/products/all/GD001	http://localhost:3000
20230930	13:34:51	941bff1a-6f87-4ee1-848d-e82860a0b319	GET	/api/products/all/TB%C4%90T	http://localhost:3000
20230930	13:34:51	af9d75d2-58fe-480a-8e93-0acb43f15778	GET	/api/products/all/Gucci	http://localhost:3000
20230930	13:34:52	72233d1e-c687-44de-b56b-cf09647ebf5a	GET	/api/products/all/Gucci	http://localhost:3000
20230930	13:34:52	5b92b394-7831-4a7b-b2a9-58a837c476f6	GET	/api/products/all/TB%C4%90T	http://localhost:3000
20230930	13:34:53	f0ad26ce-a211-4c86-b9fb-ede63dd7e0a1	OPTIONS	/api/products/get-product-by-productCode/RL001	http://localhost:3000
20230930	13:34:53	bbe34a78-2bfb-47b5-8426-d6d65813a193	OPTIONS	/api/products/get-product-by-productCode/RL001	http://localhost:3000
20230930	13:34:53	b23e3e61-3305-44d1-8649-1211a5e913e7	GET	/api/products/get-product-by-productCode/RL001	http://localhost:3000
20230930	13:34:53	93b7871d-8c89-4397-bcdb-0826712d0467	GET	/api/products/get-product-by-productCode/RL001	http://localhost:3000
